<?xml version="1.0" encoding="UTF-8"?>
<!-- Generated by org.testng.reporters.JUnitXMLReporter -->
<testsuite ignored="0" hostname="LAPTOP-30NP46AF" failures="0" tests="3" name="Dropdwon Validation" time="0.012" errors="0" timestamp="2022-03-11T21:42:57 IST">
  <testcase classname="Folder1.Practice3" name="driver" time="0.001"/>
  <testcase classname="Folder1.Practice3" name="reg" time="0.001"/>
  <testcase classname="Folder1.Practice3" name="login" time="0.001"/>
</testsuite> <!-- Dropdwon Validation -->
