<?xml version="1.0" encoding="UTF-8"?>
<!-- Generated by org.testng.reporters.JUnitXMLReporter -->
<testsuite ignored="0" hostname="LAPTOP-30NP46AF" failures="0" tests="7" name="Test" time="0.051" errors="0" timestamp="2022-03-11T21:53:10 IST">
  <testcase classname="Functional.Practice1" name="login" time="0.003"/>
  <testcase classname="Functional.Practice1" name="navigateToexpense" time="0.001"/>
  <testcase classname="Functional.Practice3" name="driver" time="0.0"/>
  <testcase classname="Functional.Practice3" name="reg" time="0.001"/>
  <testcase classname="Functional.Practice3" name="login" time="0.0"/>
  <testcase classname="Functional.Practice2" name="validateTitle" time="0.004"/>
  <testcase classname="Regression.Reg_Practice1" name="Test1" time="0.003"/>
</testsuite> <!-- Test -->
