<?xml version="1.0" encoding="UTF-8"?>
<testng-results ignored="0" total="7" passed="7" failed="0" skipped="0">
  <reporter-output>
  </reporter-output>
  <suite started-at="2022-03-11T21:53:09 IST" name="Suite" finished-at="2022-03-11T21:53:10 IST" duration-ms="51">
    <groups>
    </groups>
    <test started-at="2022-03-11T21:53:09 IST" name="Test" finished-at="2022-03-11T21:53:10 IST" duration-ms="51">
      <class name="Functional.Practice1">
        <test-method is-config="true" signature="openDBConnection()[pri:0, instance:Functional.Practice1@932bc4a]" started-at="2022-03-11T21:53:09 IST" name="openDBConnection" finished-at="2022-03-11T21:53:09 IST" duration-ms="5" status="PASS">
          <reporter-output>
          </reporter-output>
        </test-method> <!-- openDBConnection -->
        <test-method is-config="true" signature="LaunchBrowser()[pri:0, instance:Functional.Practice1@932bc4a]" started-at="2022-03-11T21:53:10 IST" name="LaunchBrowser" finished-at="2022-03-11T21:53:10 IST" duration-ms="0" status="PASS">
          <reporter-output>
          </reporter-output>
        </test-method> <!-- LaunchBrowser -->
        <test-method signature="login()[pri:0, instance:Functional.Practice1@932bc4a]" started-at="2022-03-11T21:53:10 IST" name="login" finished-at="2022-03-11T21:53:10 IST" duration-ms="3" status="PASS">
          <reporter-output>
          </reporter-output>
        </test-method> <!-- login -->
        <test-method is-config="true" signature="CloseBrowser()[pri:0, instance:Functional.Practice1@932bc4a]" started-at="2022-03-11T21:53:10 IST" name="CloseBrowser" finished-at="2022-03-11T21:53:10 IST" duration-ms="1" status="PASS">
          <reporter-output>
          </reporter-output>
        </test-method> <!-- CloseBrowser -->
        <test-method is-config="true" signature="LaunchBrowser()[pri:0, instance:Functional.Practice1@932bc4a]" started-at="2022-03-11T21:53:10 IST" name="LaunchBrowser" finished-at="2022-03-11T21:53:10 IST" duration-ms="0" status="PASS">
          <reporter-output>
          </reporter-output>
        </test-method> <!-- LaunchBrowser -->
        <test-method signature="navigateToexpense()[pri:0, instance:Functional.Practice1@932bc4a]" started-at="2022-03-11T21:53:10 IST" name="navigateToexpense" finished-at="2022-03-11T21:53:10 IST" duration-ms="1" status="PASS">
          <reporter-output>
          </reporter-output>
        </test-method> <!-- navigateToexpense -->
        <test-method is-config="true" signature="CloseBrowser()[pri:0, instance:Functional.Practice1@932bc4a]" started-at="2022-03-11T21:53:10 IST" name="CloseBrowser" finished-at="2022-03-11T21:53:10 IST" duration-ms="0" status="PASS">
          <reporter-output>
          </reporter-output>
        </test-method> <!-- CloseBrowser -->
        <test-method is-config="true" signature="closeDBConnection()[pri:0, instance:Functional.Practice1@932bc4a]" started-at="2022-03-11T21:53:10 IST" name="closeDBConnection" finished-at="2022-03-11T21:53:10 IST" duration-ms="1" status="PASS">
          <reporter-output>
          </reporter-output>
        </test-method> <!-- closeDBConnection -->
      </class> <!-- Functional.Practice1 -->
      <class name="Functional.Practice3">
        <test-method signature="driver()[pri:0, instance:Functional.Practice3@15aab8c6]" started-at="2022-03-11T21:53:10 IST" name="driver" finished-at="2022-03-11T21:53:10 IST" duration-ms="0" status="PASS">
          <reporter-output>
          </reporter-output>
        </test-method> <!-- driver -->
        <test-method signature="reg()[pri:0, instance:Functional.Practice3@15aab8c6]" started-at="2022-03-11T21:53:10 IST" name="reg" finished-at="2022-03-11T21:53:10 IST" duration-ms="1" status="PASS">
          <reporter-output>
          </reporter-output>
        </test-method> <!-- reg -->
        <test-method signature="login()[pri:0, instance:Functional.Practice3@15aab8c6]" started-at="2022-03-11T21:53:10 IST" name="login" finished-at="2022-03-11T21:53:10 IST" depends-on-methods="Functional.Practice3.driver, Functional.Practice3.reg" duration-ms="0" status="PASS">
          <reporter-output>
          </reporter-output>
        </test-method> <!-- login -->
      </class> <!-- Functional.Practice3 -->
      <class name="Functional.Practice2">
        <test-method signature="validateTitle()[pri:0, instance:Functional.Practice2@33990a0c]" started-at="2022-03-11T21:53:10 IST" name="validateTitle" finished-at="2022-03-11T21:53:10 IST" duration-ms="4" status="PASS">
          <reporter-output>
          </reporter-output>
        </test-method> <!-- validateTitle -->
      </class> <!-- Functional.Practice2 -->
      <class name="Regression.Reg_Practice1">
        <test-method signature="Test1()[pri:0, instance:Regression.Reg_Practice1@4de4b452]" started-at="2022-03-11T21:53:10 IST" name="Test1" finished-at="2022-03-11T21:53:10 IST" duration-ms="3" status="PASS">
          <reporter-output>
          </reporter-output>
        </test-method> <!-- Test1 -->
      </class> <!-- Regression.Reg_Practice1 -->
    </test> <!-- Test -->
  </suite> <!-- Suite -->
</testng-results>
